make all --print-data-base --no-builtin-variables --no-builtin-rules --question
make: *** No rule to make target 'all'.  Stop.

# GNU Make 4.2.1
# Built for x86_64-pc-linux-gnu
# Copyright (C) 1988-2016 Free Software Foundation, Inc.
# License GPLv3+: GNU GPL version 3 or later <http://gnu.org/licenses/gpl.html>
# This is free software: you are free to change and redistribute it.
# There is NO WARRANTY, to the extent permitted by law.

# Make data base, printed on Fri Jul 29 16:18:42 2022

# Variables

# 'override' directive
GNUMAKEFLAGS := 
# automatic
<D = $(patsubst %/,%,$(dir $<))
# automatic
?F = $(notdir $?)
# environment
DESKTOP_SESSION = ubuntu
# default
.SHELLFLAGS := -c
# environment
XDG_SESSION_CLASS = user
# environment
SNAP_COMMON = /var/snap/code/common
# environment
XDG_SESSION_TYPE = x11
# automatic
?D = $(patsubst %/,%,$(dir $?))
# environment
IM_CONFIG_PHASE = 1
# automatic
@D = $(patsubst %/,%,$(dir $@))
# environment
XAUTHORITY = /run/user/1000/gdm/Xauthority
# environment
GDMSESSION = ubuntu
# environment
XMODIFIERS = @im=ibus
# makefile
CURDIR := /home/bobur/p/Norbekov
# makefile
SHELL = /bin/sh
# environment
SNAP_DATA = /var/snap/code/102
# environment
VSCODE_NLS_CONFIG = {"locale":"en-us","availableLanguages":{},"_languagePackSupport":true}
# environment
JOURNAL_STREAM = 8:45330
# environment
XDG_CONFIG_DIRS = /etc/xdg/xdg-ubuntu:/etc/xdg
# environment
SNAP_INSTANCE_NAME = code
# environment
SNAP_ARCH = amd64
# makefile (from '.env', line 1)
MAKEFILE_LIST :=  Makefile .env
# automatic
@F = $(notdir $@)
# environment
GIO_LAUNCHED_DESKTOP_FILE = /var/lib/snapd/desktop/applications/code_code.desktop
# environment
USERNAME = bobur
# environment
MAKELEVEL := 0
# environment
XDG_DATA_DIRS = /usr/share/ubuntu:/usr/local/share/:/usr/share/:/var/lib/snapd/desktop
# environment
VSCODE_AMD_ENTRYPOINT = vs/workbench/api/node/extensionHostProcess
# environment
DBUS_SESSION_BUS_ADDRESS = unix:path=/run/user/1000/bus
# environment
_ = /snap/code/102/usr/share/code/code
# environment
MANAGERPID = 1491
# environment
LESSOPEN = | /usr/bin/lesspipe %s
# environment
LC_NAME = uz_UZ.UTF-8
# environment
VSCODE_CWD = /home/bobur
# environment
GOPROXY = https://proxy.golang.org,direct
# makefile (from '.env', line 6)
POSTGRES_PASSWORD = 1996
# environment
GSETTINGS_SCHEMA_DIR = /snap/code/102/usr/share/glib-2.0/schemas
# default
MAKE_HOST := x86_64-pc-linux-gnu
# environment
PATH = /usr/local/go/bin:/usr/local/sbin:/usr/local/bin:/usr/sbin:/usr/bin:/sbin:/bin:/usr/games:/usr/local/games:/snap/bin:/home/bobur/go/bin:/home/bobur/go/bin:/home/bobur/go/bin
# makefile (from 'Makefile', line 7)
IMG_NAME = ${APP}
# environment
GPG_AGENT_INFO = /run/user/1000/gnupg/S.gpg-agent:0:1
# environment
SESSION_MANAGER = local/bobur-Aspire-E5-573G:@/tmp/.ICE-unix/1884,unix/bobur-Aspire-E5-573G:/tmp/.ICE-unix/1884
# environment
XDG_RUNTIME_DIR = /run/user/1000
# environment
GDK_PIXBUF_MODULE_FILE = /home/bobur/snap/code/common/.cache/gdk-pixbuf-loaders.cache
# environment
SNAP = /snap/code/102
# environment
GOPATH = /home/bobur/go
# makefile (from 'Makefile', line 5)
PKG_LIST := github.com/mrboburs/Norbekov/command github.com/mrboburs/Norbekov/configs github.com/mrboburs/Norbekov/docs github.com/mrboburs/Norbekov/model github.com/mrboburs/Norbekov/package/handler github.com/mrboburs/Norbekov/package/repository github.com/mrboburs/Norbekov/package/service github.com/mrboburs/Norbekov/server github.com/mrboburs/Norbekov/util/logrus
# environment
SNAP_VERSION = 3b889b09
# environment
XDG_MENU_PREFIX = gnome-
# environment
DISABLE_WAYLAND = 1
# environment
ELECTRON_RUN_AS_NODE = 1
# makefile (from '.env', line 9)
PORT = :8080
# environment
INVOCATION_ID = f9acd31c50da4f30b767d913614204db
# environment
GDK_PIXBUF_MODULEDIR = /snap/code/102/usr/lib/x86_64-linux-gnu/gdk-pixbuf-2.0/2.10.0/loaders
# default
.FEATURES := target-specific order-only second-expansion else-if shortest-stem undefine oneshell archives jobserver output-sync check-symlink load
# makefile (from 'Makefile', line 9)
TAG = latest
# environment
LS_COLORS = 
# makefile (from '.env', line 5)
POSTGRES_USER = postgres
# environment
XDG_SESSION_DESKTOP = ubuntu
# environment
SSH_AUTH_SOCK = /run/user/1000/keyring/ssh
# environment
GIO_LAUNCHED_DESKTOP_FILE_PID = 2473
# automatic
%F = $(notdir $%)
# environment
DISPLAY = :0
# environment
SNAP_INSTANCE_KEY = 
# environment
PWD = /home/bobur/p/Norbekov
# default
.LOADED := 
# environment
SSH_AGENT_PID = 1846
# environment
ORIGINAL_XDG_CURRENT_DESKTOP = ubuntu:GNOME
# environment
GTK_MODULES = gail:atk-bridge
# environment
GOMODCACHE = /home/bobur/go/pkg/mod
# environment
HOME = /home/bobur
# environment
LESSCLOSE = /usr/bin/lesspipe %s %s
# environment
VSCODE_CLI = 1
# environment
VSCODE_CODE_CACHE_PATH = /home/bobur/.config/Code/CachedData/3b889b090b5ad5793f524b5d1d39fda662b96a2a
# environment
LOGNAME = bobur
# environment
APPLICATION_INSIGHTS_NO_DIAGNOSTIC_CHANNEL = 1
# environment
SNAP_LIBRARY_PATH = /var/lib/snapd/lib/gl:/var/lib/snapd/lib/gl32:/var/lib/snapd/void
# environment
SNAP_CONTEXT = mfmuEzpHABrfDVC8eqggWQa3hLTwGRUotsNFqcoi5eeQI_NVkIfK
# automatic
+F = $(notdir $+)
# environment
ELECTRON_NO_ATTACH_CONSOLE = 1
# environment
SNAP_USER_COMMON = /home/bobur/snap/code/common
# environment
VSCODE_HANDLES_UNCAUGHT_ERRORS = true
# environment
GNOME_DESKTOP_SESSION_ID = this-is-deprecated
# automatic
^D = $(patsubst %/,%,$(dir $^))
# makefile (from '.env', line 2)
POSTGRES_HOST = localhost
# environment
LC_TIME = uz_UZ.UTF-8
# environment
SNAP_REAL_HOME = /home/bobur
# makefile (from '.env', line 3)
POSTGRES_PORT = 5432
# default
MAKE = $(MAKE_COMMAND)
# default
MAKECMDGOALS := all
# environment
QT_IM_MODULE = ibus
# environment
SNAP_USER_DATA = /home/bobur/snap/code/102
# environment
SHLVL = 0
# makefile (from '.env', line 8)
LOG_LEVEL = debug
# makefile (from '.env', line 4)
POSTGRES_DB = postgres
# environment
GNOME_SHELL_SESSION_MODE = ubuntu
# default
MAKE_VERSION := 4.2.1
# environment
USER = bobur
# environment
SNAP_REVISION = 102
# makefile (from '.env', line 7)
POSTGRES_SSLMODE = disable
# environment
LC_MONETARY = uz_UZ.UTF-8
# makefile
.DEFAULT_GOAL := make
# environment
XDG_CURRENT_DESKTOP = Unity
# environment
GOROOT = /usr/local/go
# automatic
%D = $(patsubst %/,%,$(dir $%))
# environment
LC_TELEPHONE = uz_UZ.UTF-8
# makefile (from 'Makefile', line 2)
APP = $(shell basename ${CURRENT_DIR})
# default
MAKE_COMMAND := make
# default
.VARIABLES := 
# automatic
*F = $(notdir $*)
# environment
VSCODE_IPC_HOOK = /run/user/1000/vscode-5ad521b1-1.69.2-main.sock
# makefile (from 'Makefile', line 1)
CURRENT_DIR = $(shell pwd)
# environment
BAMF_DESKTOP_FILE_HINT = /var/lib/snapd/desktop/applications/code_code.desktop
# makefile
MAKEFLAGS = pqrR
# makefile (from 'Makefile', line 10)
ENV_TAG = latest
# environment
MFLAGS = -pqrR
# automatic
*D = $(patsubst %/,%,$(dir $*))
# automatic
+D = $(patsubst %/,%,$(dir $+))
# environment
GDK_BACKEND = x11
# environment
LC_PAPER = uz_UZ.UTF-8
# environment
LC_IDENTIFICATION = uz_UZ.UTF-8
# environment
QT_ACCESSIBILITY = 1
# makefile (from '.env', line 10)
DEPLOY = localhost:8080
# 'override' directive
.SHELLSTATUS := 0
# default
MAKEFILES := 
# environment
SNAP_COOKIE = mfmuEzpHABrfDVC8eqggWQa3hLTwGRUotsNFqcoi5eeQI_NVkIfK
# environment
LC_NUMERIC = uz_UZ.UTF-8
# automatic
<F = $(notdir $<)
# environment
LC_MEASUREMENT = uz_UZ.UTF-8
# environment
SNAP_NAME = code
# environment
LC_ALL = C
# makefile (from '.env', line 1)
ENVIRONMENT = develop
# environment
 
GJS_DEBUG_TOPICS = JS ERROR;JS LOG
# automatic
^F = $(notdir $^)
# default
SUFFIXES := 
# environment
SNAP_REEXEC = 
# environment
CHROME_DESKTOP = code-url-handler.desktop
# environment
WINDOWPATH = 2
# default
.INCLUDE_DIRS = /usr/include /usr/local/include /usr/include
# environment
GJS_DEBUG_OUTPUT = stderr
# makefile (from 'Makefile', line 4)
APP_CMD_DIR = ${CURRENT_DIR}/cmd
# default
.RECIPEPREFIX := 
# environment
LC_ADDRESS = uz_UZ.UTF-8
# environment
LANG = C
# makefile (from 'Makefile', line 8)
REGISTRY = ${REGISTRY:-861701250313.dkr.ecr.us-east-1.amazonaws.com}
# environment
VSCODE_PID = 2529
# variable set hash-table stats:
# Load=147/1024=14%, Rehash=0, Collisions=29/178=16%

# Pattern-specific Variable Values

# No pattern-specific variable values.

# Directories

# . (device 2053, inode 6559208): 19 files, no impossibilities.

# 19 files, no impossibilities in 1 directories.

# Implicit Rules

# No implicit rules.

# Files

# Not a target:
all:
#  Command line target.
#  Implicit rule search has been done.
#  File does not exist.
#  File has not been updated.

proto-gen:
#  Implicit rule search has not been done.
#  Modification time never checked.
#  File has not been updated.
#  recipe to execute (from 'Makefile', line 30):
	./scripts/gen-proto.sh  ${CURRENT_DIR}

.PHONY: vendor
#  Implicit rule search has not been done.
#  Modification time never checked.
#  File has not been updated.

# Not a target:
Makefile:
#  Implicit rule search has been done.
#  Last modified 2022-07-27 21:04:25.660857574
#  File has been updated.
#  Successfully updated.

build:
#  Implicit rule search has not been done.
#  Modification time never checked.
#  File has not been updated.
#  recipe to execute (from 'Makefile', line 27):
	CGO_ENABLED=0 GOOS=linux go build -mod=vendor -a -installsuffix cgo -o ${CURRENT_DIR}/bin/${APP} ${APP_CMD_DIR}/main.go

# Not a target:
.env:
#  Implicit rule search has been done.
#  Last modified 2022-07-28 14:03:51.919492065
#  File has been updated.
#  Successfully updated.

migrate: set-env
#  Implicit rule search has not been done.
#  Modification time never checked.
#  File has not been updated.
#  recipe to execute (from 'Makefile', line 33):
	env POSTGRES_HOST=${POSTGRES_HOST} env POSTGRES_PORT=${POSTGRES_PORT} env POSTGRES_USER=${POSTGRES_USER} env POSTGRES_PASSWORD=${POSTGRES_PASSWORD} env POSTGRES_DB=${POSTGRES_DB} ./scripts/migrate-jeyran.sh

set-env:
#  Implicit rule search has not been done.
#  Modification time never checked.
#  File has not been updated.
#  recipe to execute (from 'Makefile', line 24):
	./scripts/set-env.sh ${CURRENT_DIR}

# Not a target:
.DEFAULT:
#  Implicit rule search has not been done.
#  Modification time never checked.
#  File has not been updated.

make:
#  Implicit rule search has not been done.
#  Modification time never checked.
#  File has not been updated.
#  recipe to execute (from 'Makefile', line 21):
	cp ./.env.example ./.env

create-env:
#  Implicit rule search has not been done.
#  Modification time never checked.
#  File has not been updated.
#  recipe to execute (from 'Makefile', line 21):
	cp ./.env.example ./.env

update-go-deps:
#  Implicit rule search has not been done.
#  Modification time never checked.
#  File has not been updated.
#  recipe to execute (from 'Makefile', line 40):
	@echo ">> updating Go dependencies"
	@for m in $$(go list -mod=readonly -m -f '{{ if and (not .Indirect) (not .Main)}}{{.Path}}{{end}}' all); do \
		go get $$m; \
	done
	go mod tidy

lint:
#  Implicit rule search has not been done.
#  Modification time never checked.
#  File has not been updated.
#  recipe to execute (from 'Makefile', line 37):
	golint -set_exit_status ${PKG_LIST}

swag:
#  Implicit rule search has not been done.
#  Modification time never checked.
#  File has not been updated.
#  recipe to execute (from 'Makefile', line 53):
	swag init -g command/main.go

vendor:
#  Phony target (prerequisite of .PHONY).
#  Implicit rule search has not been done.
#  File does not exist.
#  File has not been updated.

# files hash-table stats:
# Load=16/1024=2%, Rehash=0, Collisions=0/29=0%
# VPATH Search Paths

# No 'vpath' search paths.

# No general ('VPATH' variable) search path.

# strcache buffers: 1 (0) / strings = 35 / storage = 267 B / avg = 7 B
# current buf: size = 8162 B / used = 267 B / count = 35 / avg = 7 B

# strcache performance: lookups = 52 / hit rate = 32%
# hash-table stats:
# Load=35/8192=0%, Rehash=0, Collisions=1/52=2%
# Finished Make data base on Fri Jul 29 16:18:42 2022

 
